  - 'dialog "Raw data for “John Wick: Chapter 4 (2023, USA)”" [ref=e1560]':
    - generic [ref=e1561]:
      - 'heading "Raw data for “John Wick: Chapter 4 (2023, USA)”" [level=2] [ref=e1563]'
      - button "Close" [active] [ref=e1564] [cursor=pointer]:
        - img [ref=e1565]
        - generic [ref=e1568]: Close
    - generic [ref=e1570]:
      - generic [ref=e1571]:
        - generic [ref=e1572]: Shot number
        - generic [ref=e1573]: Timecode (MM:SS)
        - generic [ref=e1574]: Shot length (seconds)
      - generic [ref=e1575]:
        - generic [ref=e1576]: "1"
        - generic [ref=e1577]: 00:00.0
        - generic [ref=e1578]: "8.5"
      - generic [ref=e1579]:
        - generic [ref=e1580]: "2"
        - generic [ref=e1581]: 00:08.5
        - generic [ref=e1582]: "5.6"
      - generic [ref=e1583]:
        - generic [ref=e1584]: "3"
        - generic [ref=e1585]: 00:14.1
        - generic [ref=e1586]: "1"
      - generic [ref=e1587]:
        - generic [ref=e1588]: "4"
        - generic [ref=e1589]: 00:15.1
        - generic [ref=e1590]: "1.8"
      - generic [ref=e1591]:
        - generic [ref=e1592]: "5"
        - generic [ref=e1593]: 00:16.9
        - generic [ref=e1594]: "2.5"
      - generic [ref=e1595]:
        - generic [ref=e1596]: "6"
        - generic [ref=e1597]: 00:19.4
        - generic [ref=e1598]: "17"
      - generic [ref=e1599]:
        - generic [ref=e1600]: "7"
        - generic [ref=e1601]: 00:36.4
        - generic [ref=e1602]: "10.4"
      - generic [ref=e1603]:
        - generic [ref=e1604]: "8"
        - generic [ref=e1605]: 00:46.8
        - generic [ref=e1606]: "2.3"
      - generic [ref=e1607]:
        - generic [ref=e1608]: "9"
        - generic [ref=e1609]: 00:49.1
        - generic [ref=e1610]: "5.2"
      - generic [ref=e1611]:
        - generic [ref=e1612]: "10"
        - generic [ref=e1613]: 00:54.3
        - generic [ref=e1614]: "19.3"
      - generic [ref=e1615]:
        - generic [ref=e1616]: "11"
        - generic [ref=e1617]: 01:13.6
        - generic [ref=e1618]: "5.3"
      - generic [ref=e1619]:
        - generic [ref=e1620]: "12"
        - generic [ref=e1621]: 01:18.9
        - generic [ref=e1622]: "6"
      - generic [ref=e1623]:
        - generic [ref=e1624]: "13"
        - generic [ref=e1625]: 01:24.9
        - generic [ref=e1626]: "4.4"
      - generic [ref=e1627]:
        - generic [ref=e1628]: "14"
        - generic [ref=e1629]: 01:29.3
        - generic [ref=e1630]: "2.5"
      - generic [ref=e1631]:
        - generic [ref=e1632]: "15"
        - generic [ref=e1633]: 01:31.8
        - generic [ref=e1634]: "1.9"
      - generic [ref=e1635]:
        - generic [ref=e1636]: "16"
        - generic [ref=e1637]: 01:33.7
        - generic [ref=e1638]: "2.3"
      - generic [ref=e1639]:
        - generic [ref=e1640]: "17"
        - generic [ref=e1641]: 01:36.0
        - generic [ref=e1642]: "3.6"
      - generic [ref=e1643]:
        - generic [ref=e1644]: "18"
        - generic [ref=e1645]: 01:39.6
        - generic [ref=e1646]: "1.5"
      - generic [ref=e1647]:
        - generic [ref=e1648]: "19"
        - generic [ref=e1649]: 01:41.1
        - generic [ref=e1650]: "3.2"
      - generic [ref=e1651]:
        - generic [ref=e1652]: "20"
        - generic [ref=e1653]: 01:44.3
        - generic [ref=e1654]: "1.8"
      - generic [ref=e1655]:
        - generic [ref=e1656]: "21"
        - generic [ref=e1657]: 01:46.1
        - generic [ref=e1658]: "1"
      - generic [ref=e1659]:
        - generic [ref=e1660]: "22"
        - generic [ref=e1661]: 01:47.1
        - generic [ref=e1662]: "0.8"
      - generic [ref=e1663]:
        - generic [ref=e1664]: "23"
        - generic [ref=e1665]: 01:47.9
        - generic [ref=e1666]: "3.1"
      - generic [ref=e1667]:
        - generic [ref=e1668]: "24"
        - generic [ref=e1669]: 01:51.0
        - generic [ref=e1670]: "3.9"
      - generic [ref=e1671]:
        - generic [ref=e1672]: "25"
        - generic [ref=e1673]: 01:54.9
        - generic [ref=e1674]: "3.9"
      - generic [ref=e1675]:
        - generic [ref=e1676]: "26"
        - generic [ref=e1677]: 01:58.8
        - generic [ref=e1678]: "2.1"
      - generic [ref=e1679]:
        - generic [ref=e1680]: "27"
        - generic [ref=e1681]: 02:00.9
        - generic [ref=e1682]: "1.8"
      - generic [ref=e1683]:
        - generic [ref=e1684]: "28"
        - generic [ref=e1685]: 02:02.7
        - generic [ref=e1686]: "2.1"
      - generic [ref=e1687]:
        - generic [ref=e1688]: "29"
        - generic [ref=e1689]: 02:04.8
        - generic [ref=e1690]: "2.9"
      - generic [ref=e1691]:
        - generic [ref=e1692]: "30"
        - generic [ref=e1693]: 02:07.7
        - generic [ref=e1694]: "1.8"
      - generic [ref=e1695]:
        - generic [ref=e1696]: "31"
        - generic [ref=e1697]: 02:09.5
        - generic [ref=e1698]: "4.2"
      - generic [ref=e1699]:
        - generic [ref=e1700]: "32"
        - generic [ref=e1701]: 02:13.7
        - generic [ref=e1702]: "1.9"
      - generic [ref=e1703]:
        - generic [ref=e1704]: "33"
        - generic [ref=e1705]: 02:15.6
        - generic [ref=e1706]: "2"
      - generic [ref=e1707]:
        - generic [ref=e1708]: "34"
        - generic [ref=e1709]: 02:17.6
        - generic [ref=e1710]: "5.5"
      - generic [ref=e1711]:
        - generic [ref=e1712]: "35"
        - generic [ref=e1713]: 02:23.1
        - generic [ref=e1714]: "3.8"
      - generic [ref=e1715]:
        - generic [ref=e1716]: "36"
        - generic [ref=e1717]: 02:26.9
        - generic [ref=e1718]: "2.5"
      - generic [ref=e1719]:
        - generic [ref=e1720]: "37"
        - generic [ref=e1721]: 02:29.4
        - generic [ref=e1722]: "3.5"
      - generic [ref=e1723]:
        - generic [ref=e1724]: "38"
        - generic [ref=e1725]: 02:32.9
        - generic [ref=e1726]: "3.9"
      - generic [ref=e1727]:
        - generic [ref=e1728]: "39"
        - generic [ref=e1729]: 02:36.8
        - generic [ref=e1730]: "9.5"
      - generic [ref=e1731]:
        - generic [ref=e1732]: "40"
        - generic [ref=e1733]: 02:46.3
        - generic [ref=e1734]: "2.2"
      - generic [ref=e1735]:
        - generic [ref=e1736]: "41"
        - generic [ref=e1737]: 02:48.5
        - generic [ref=e1738]: "1.9"
      - generic [ref=e1739]:
        - generic [ref=e1740]: "42"
        - generic [ref=e1741]: 02:50.4
        - generic [ref=e1742]: "1.8"
      - generic [ref=e1743]:
        - generic [ref=e1744]: "43"
        - generic [ref=e1745]: 02:52.2
        - generic [ref=e1746]: "1.9"
      - generic [ref=e1747]:
        - generic [ref=e1748]: "44"
        - generic [ref=e1749]: 02:54.1
        - generic [ref=e1750]: "4.5"
      - generic [ref=e1751]:
        - generic [ref=e1752]: "45"
        - generic [ref=e1753]: 02:58.6
        - generic [ref=e1754]: "8.9"
      - generic [ref=e1755]:
        - generic [ref=e1756]: "46"
        - generic [ref=e1757]: 03:07.5
        - generic [ref=e1758]: "2"
      - generic [ref=e1759]:
        - generic [ref=e1760]: "47"
        - generic [ref=e1761]: 03:09.5
        - generic [ref=e1762]: "1.1"
      - generic [ref=e1763]:
        - generic [ref=e1764]: "48"
        - generic [ref=e1765]: 03:10.6
        - generic [ref=e1766]: "1.9"
      - generic [ref=e1767]:
        - generic [ref=e1768]: "49"
        - generic [ref=e1769]: 03:12.5
        - generic [ref=e1770]: "105.7"
      - generic [ref=e1771]:
        - generic [ref=e1772]: "50"
        - generic [ref=e1773]: 04:58.2
        - generic [ref=e1774]: "6.5"
      - generic [ref=e1775]:
        - generic [ref=e1776]: "51"
        - generic [ref=e1777]: 05:04.7
        - generic [ref=e1778]: "2.1"
      - generic [ref=e1779]:
        - generic [ref=e1780]: "52"
        - generic [ref=e1781]: 05:06.8
        - generic [ref=e1782]: "3"
      - generic [ref=e1783]:
        - generic [ref=e1784]: "53"
        - generic [ref=e1785]: 05:09.8
        - generic [ref=e1786]: "33.2"
      - generic [ref=e1787]:
        - generic [ref=e1788]: "54"
        - generic [ref=e1789]: 05:43.0
        - generic [ref=e1790]: "3.1"
      - generic [ref=e1791]:
        - generic [ref=e1792]: "55"
        - generic [ref=e1793]: 05:46.1
        - generic [ref=e1794]: "3.6"
      - generic [ref=e1795]:
        - generic [ref=e1796]: "56"
        - generic [ref=e1797]: 05:49.7
        - generic [ref=e1798]: "2.8"
      - generic [ref=e1799]:
        - generic [ref=e1800]: "57"
        - generic [ref=e1801]: 05:52.5
        - generic [ref=e1802]: "2.2"
      - generic [ref=e1803]:
        - generic [ref=e1804]: "58"
        - generic [ref=e1805]: 05:54.7
        - generic [ref=e1806]: "2.6"
      - generic [ref=e1807]:
        - generic [ref=e1808]: "59"
        - generic [ref=e1809]: 05:57.3
        - generic [ref=e1810]: "0.9"
      - generic [ref=e1811]:
        - generic [ref=e1812]: "60"
        - generic [ref=e1813]: 05:58.2
        - generic [ref=e1814]: "2.7"
      - generic [ref=e1815]:
        - generic [ref=e1816]: "61"
        - generic [ref=e1817]: 06:00.9
        - generic [ref=e1818]: "1.5"
      - generic [ref=e1819]:
        - generic [ref=e1820]: "62"
        - generic [ref=e1821]: 06:02.4
        - generic [ref=e1822]: "1.3"
      - generic [ref=e1823]:
        - generic [ref=e1824]: "63"
        - generic [ref=e1825]: 06:03.7
        - generic [ref=e1826]: "4.4"
      - generic [ref=e1827]:
        - generic [ref=e1828]: "64"
        - generic [ref=e1829]: 06:08.1
        - generic [ref=e1830]: "2.5"
      - generic [ref=e1831]:
        - generic [ref=e1832]: "65"
        - generic [ref=e1833]: 06:10.6
        - generic [ref=e1834]: "4.4"
      - generic [ref=e1835]:
        - generic [ref=e1836]: "66"
        - generic [ref=e1837]: 06:15.0
        - generic [ref=e1838]: "3"
      - generic [ref=e1839]:
        - generic [ref=e1840]: "67"
        - generic [ref=e1841]: 06:18.0
        - generic [ref=e1842]: "3.3"
      - generic [ref=e1843]:
        - generic [ref=e1844]: "68"
        - generic [ref=e1845]: 06:21.3
        - generic [ref=e1846]: "1.9"
      - generic [ref=e1847]:
        - generic [ref=e1848]: "69"
        - generic [ref=e1849]: 06:23.2
        - generic [ref=e1850]: "2.3"
      - generic [ref=e1851]:
        - generic [ref=e1852]: "70"
        - generic [ref=e1853]: 06:25.5
        - generic [ref=e1854]: "2.5"
      - generic [ref=e1855]:
        - generic [ref=e1856]: "71"
        - generic [ref=e1857]: 06:28.0
        - generic [ref=e1858]: "7.3"
      - generic [ref=e1859]:
        - generic [ref=e1860]: "72"
        - generic [ref=e1861]: 06:35.3
        - generic [ref=e1862]: "3.5"
      - generic [ref=e1863]:
        - generic [ref=e1864]: "73"
        - generic [ref=e1865]: 06:38.8
        - generic [ref=e1866]: "2.2"
      - generic [ref=e1867]:
        - generic [ref=e1868]: "74"
        - generic [ref=e1869]: 06:41.0
        - generic [ref=e1870]: "2.2"
      - generic [ref=e1871]:
        - generic [ref=e1872]: "75"
        - generic [ref=e1873]: 06:43.2
        - generic [ref=e1874]: "2.3"
      - generic [ref=e1875]:
        - generic [ref=e1876]: "76"
        - generic [ref=e1877]: 06:45.5
        - generic [ref=e1878]: "1.6"
      - generic [ref=e1879]:
        - generic [ref=e1880]: "77"
        - generic [ref=e1881]: 06:47.1
        - generic [ref=e1882]: "1.3"
      - generic [ref=e1883]:
        - generic [ref=e1884]: "78"
        - generic [ref=e1885]: 06:48.4
        - generic [ref=e1886]: "0.9"
      - generic [ref=e1887]:
        - generic [ref=e1888]: "79"
        - generic [ref=e1889]: 06:49.3
        - generic [ref=e1890]: "1.7"
      - generic [ref=e1891]:
        - generic [ref=e1892]: "80"
        - generic [ref=e1893]: 06:51.0
        - generic [ref=e1894]: "1.7"
      - generic [ref=e1895]:
        - generic [ref=e1896]: "81"
        - generic [ref=e1897]: 06:52.7
        - generic [ref=e1898]: "1.5"
      - generic [ref=e1899]:
        - generic [ref=e1900]: "82"
        - generic [ref=e1901]: 06:54.2
        - generic [ref=e1902]: "3"
      - generic [ref=e1903]:
        - generic [ref=e1904]: "83"
        - generic [ref=e1905]: 06:57.2
        - generic [ref=e1906]: "1.4"
      - generic [ref=e1907]:
        - generic [ref=e1908]: "84"
        - generic [ref=e1909]: 06:58.6
        - generic [ref=e1910]: "0.8"
      - generic [ref=e1911]:
        - generic [ref=e1912]: "85"
        - generic [ref=e1913]: 06:59.4
        - generic [ref=e1914]: "1.1"
      - generic [ref=e1915]:
        - generic [ref=e1916]: "86"
        - generic [ref=e1917]: 07:00.5
        - generic [ref=e1918]: "1"
      - generic [ref=e1919]:
        - generic [ref=e1920]: "87"
        - generic [ref=e1921]: 07:01.5
        - generic [ref=e1922]: "0.8"
      - generic [ref=e1923]:
        - generic [ref=e1924]: "88"
        - generic [ref=e1925]: 07:02.3
        - generic [ref=e1926]: "1.2"
      - generic [ref=e1927]:
        - generic [ref=e1928]: "89"
        - generic [ref=e1929]: 07:03.5
        - generic [ref=e1930]: "1.6"
      - generic [ref=e1931]:
        - generic [ref=e1932]: "90"
        - generic [ref=e1933]: 07:05.1
        - generic [ref=e1934]: "0.9"
      - generic [ref=e1935]:
        - generic [ref=e1936]: "91"
        - generic [ref=e1937]: 07:06.0
        - generic [ref=e1938]: "0.7"
      - generic [ref=e1939]:
        - generic [ref=e1940]: "92"
        - generic [ref=e1941]: 07:06.7
        - generic [ref=e1942]: "1.9"
      - generic [ref=e1943]:
        - generic [ref=e1944]: "93"
        - generic [ref=e1945]: 07:08.6
        - generic [ref=e1946]: "1.9"
      - generic [ref=e1947]:
        - generic [ref=e1948]: "94"
        - generic [ref=e1949]: 07:10.5
        - generic [ref=e1950]: "2.9"
      - generic [ref=e1951]:
        - generic [ref=e1952]: "95"
        - generic [ref=e1953]: 07:13.4
        - generic [ref=e1954]: "1"
      - generic [ref=e1955]:
        - generic [ref=e1956]: "96"
        - generic [ref=e1957]: 07:14.4
        - generic [ref=e1958]: "2.1"
      - generic [ref=e1959]:
        - generic [ref=e1960]: "97"
        - generic [ref=e1961]: 07:16.5
        - generic [ref=e1962]: "2.2"
      - generic [ref=e1963]:
        - generic [ref=e1964]: "98"
        - generic [ref=e1965]: 07:18.7
        - generic [ref=e1966]: "2.7"
      - generic [ref=e1967]:
        - generic [ref=e1968]: "99"
        - generic [ref=e1969]: 07:21.4
        - generic [ref=e1970]: "1.1"

